[2019-02-04 11:32:18] Devlopment.ERROR: exception 'GuzzleHttp\Exception\ClientException' with message 'Client error: `POST https://api.mailgun.net/v3/sandboxf154ff5a3fca43b7990023d4ce38e583.mailgun.org/messages.mime` resulted in a `400 BAD REQUEST` response:
{
  "message": "exposed account credentials"
}
' in /home/bombayport/public_html/bombayport.xyz/frontend/vendor/guzzlehttp/guzzle/src/Exception/RequestException.php:113
Stack trace:
#0 /home/bombayport/public_html/bombayport.xyz/frontend/vendor/guzzlehttp/guzzle/src/Middleware.php(66): GuzzleHttp\Exception\RequestException::create(Object(GuzzleHttp\Psr7\Request), Object(GuzzleHttp\Psr7\Response))
#1 /home/bombayport/public_html/bombayport.xyz/frontend/vendor/guzzlehttp/promises/src/Promise.php(203): GuzzleHttp\Middleware::GuzzleHttp\{closure}(Object(GuzzleHttp\Psr7\Response))
#2 /home/bombayport/public_html/bombayport.xyz/frontend/vendor/guzzlehttp/promises/src/Promise.php(156): GuzzleHttp\Promise\Promise::callHandler(1, Object(GuzzleHttp\Psr7\Response), Array)
#3 /home/bombayport/public_html/bombayport.xyz/frontend/vendor/guzzlehttp/promises/src/TaskQueue.php(47): GuzzleHttp\Promise\Promise::GuzzleHttp\Promise\{closure}()
#4 /home/bombayport/public_html/bombayport.xyz/frontend/vendor/guzzlehttp/promises/src/Promise.php(246): GuzzleHttp\Promise\TaskQueue->run(true)
#5 /home/bombayport/public_html/bombayport.xyz/frontend/vendor/guzzlehttp/promises/src/Promise.php(223): GuzzleHttp\Promise\Promise->invokeWaitFn()
#6 /home/bombayport/public_html/bombayport.xyz/frontend/vendor/guzzlehttp/promises/src/Promise.php(267): GuzzleHttp\Promise\Promise->waitIfPending()
#7 /home/bombayport/public_html/bombayport.xyz/frontend/vendor/guzzlehttp/promises/src/Promise.php(225): GuzzleHttp\Promise\Promise->invokeWaitList()
#8 /home/bombayport/public_html/bombayport.xyz/frontend/vendor/guzzlehttp/promises/src/Promise.php(62): GuzzleHttp\Promise\Promise->waitIfPending()
#9 /home/bombayport/public_html/bombayport.xyz/frontend/vendor/guzzlehttp/guzzle/src/Client.php(131): GuzzleHttp\Promise\Promise->wait()
#10 /home/bombayport/public_html/bombayport.xyz/frontend/vendor/guzzlehttp/guzzle/src/Client.php(89): GuzzleHttp\Client->request('post', 'https://api.mai...', Array)
#11 /home/bombayport/public_html/bombayport.xyz/frontend/vendor/laravel/framework/src/Illuminate/Mail/Transport/MailgunTransport.php(64): GuzzleHttp\Client->__call('post', Array)
#12 /home/bombayport/public_html/bombayport.xyz/frontend/vendor/laravel/framework/src/Illuminate/Mail/Transport/MailgunTransport.php(64): GuzzleHttp\Client->post('https://api.mai...', Array)
#13 /home/bombayport/public_html/bombayport.xyz/frontend/vendor/swiftmailer/swiftmailer/lib/classes/Swift/Mailer.php(85): Illuminate\Mail\Transport\MailgunTransport->send(Object(Swift_Message), Array)
#14 /home/bombayport/public_html/bombayport.xyz/frontend/vendor/laravel/framework/src/Illuminate/Mail/Mailer.php(443): Swift_Mailer->send(Object(Swift_Message), Array)
#15 /home/bombayport/public_html/bombayport.xyz/frontend/vendor/laravel/framework/src/Illuminate/Mail/Mailer.php(217): Illuminate\Mail\Mailer->sendSwiftMessage(Object(Swift_Message))
#16 /home/bombayport/public_html/bombayport.xyz/frontend/vendor/laravel/framework/src/Illuminate/Support/Facades/Facade.php(221): Illuminate\Mail\Mailer->send('/mail/orderEmai...', Array, Object(Closure))
#17 /home/bombayport/public_html/bombayport.xyz/frontend/app/Listeners/SendProductOrderMailFired.php(118): Illuminate\Support\Facades\Facade::__callStatic('send', Array)
#18 /home/bombayport/public_html/bombayport.xyz/frontend/app/Listeners/SendProductOrderMailFired.php(118): Illuminate\Support\Facades\Mail::send('/mail/orderEmai...', Array, Object(Closure))
#19 [internal function]: App\Listeners\SendProductOrderMailFired->handle(Object(App\Events\SendProductOrderMail))
#20 /home/bombayport/public_html/bombayport.xyz/frontend/vendor/laravel/framework/src/Illuminate/Events/Dispatcher.php(368): call_user_func_array(Array, Array)
#21 /home/bombayport/public_html/bombayport.xyz/frontend/vendor/laravel/framework/src/Illuminate/Events/Dispatcher.php(199): Illuminate\Events\Dispatcher->Illuminate\Events\{closure}('App\\Events\\Send...', Array)
#22 /home/bombayport/public_html/bombayport.xyz/frontend/vendor/laravel/framework/src/Illuminate/Events/Dispatcher.php(172): Illuminate\Events\Dispatcher->dispatch(Object(App\Events\SendProductOrderMail), Array, false)
#23 /home/bombayport/public_html/bombayport.xyz/frontend/vendor/laravel/framework/src/Illuminate/Support/Facades/Facade.php(221): Illuminate\Events\Dispatcher->fire(Object(App\Events\SendProductOrderMail))
#24 /home/bombayport/public_html/bombayport.xyz/frontend/app/Http/Controllers/Web/OrdersController.php(687): Illuminate\Support\Facades\Facade::__callStatic('fire', Array)
#25 /home/bombayport/public_html/bombayport.xyz/frontend/app/Http/Controllers/Web/OrdersController.php(687): Illuminate\Support\Facades\Event::fire(Object(App\Events\SendProductOrderMail))
#26 [internal function]: App\Http\Controllers\Web\OrdersController->place_order(Object(Illuminate\Http\Request))
#27 /home/bombayport/public_html/bombayport.xyz/frontend/vendor/laravel/framework/src/Illuminate/Routing/Controller.php(55): call_user_func_array(Array, Array)
#28 /home/bombayport/public_html/bombayport.xyz/frontend/vendor/laravel/framework/src/Illuminate/Routing/ControllerDispatcher.php(44): Illuminate\Routing\Controller->callAction('place_order', Array)
#29 /home/bombayport/public_html/bombayport.xyz/frontend/vendor/laravel/framework/src/Illuminate/Routing/Route.php(204): Illuminate\Routing\ControllerDispatcher->dispatch(Object(Illuminate\Routing\Route), Object(App\Http\Controllers\Web\OrdersController), 'place_order')
#30 /home/bombayport/public_html/bombayport.xyz/frontend/vendor/laravel/framework/src/Illuminate/Routing/Route.php(160): Illuminate\Routing\Route->runController()
#31 /home/bombayport/public_html/bombayport.xyz/frontend/vendor/laravel/framework/src/Illuminate/Routing/Router.php(572): Illuminate\Routing\Route->run()
#32 /home/bombayport/public_html/bombayport.xyz/frontend/vendor/laravel/framework/src/Illuminate/Routing/Pipeline.php(30): Illuminate\Routing\Router->Illuminate\Routing\{closure}(Object(Illuminate\Http\Request))
#33 /home/bombayport/public_html/bombayport.xyz/frontend/app/Http/Middleware/RedirectIfNotCustomer.php(20): Illuminate\Routing\Pipeline->Illuminate\Routing\{closure}(Object(Illuminate\Http\Request))
#34 /home/bombayport/public_html/bombayport.xyz/frontend/vendor/laravel/framework/src/Illuminate/Pipeline/Pipeline.php(148): App\Http\Middleware\RedirectIfNotCustomer->handle(Object(Illuminate\Http\Request), Object(Closure))
#35 /home/bombayport/public_html/bombayport.xyz/frontend/vendor/laravel/framework/src/Illuminate/Routing/Pipeline.php(53): Illuminate\Pipeline\Pipeline->Illuminate\Pipeline\{closure}(Object(Illuminate\Http\Request))
#36 /home/bombayport/public_html/bombayport.xyz/frontend/vendor/laravel/framework/src/Illuminate/Routing/Middleware/SubstituteBindings.php(41): Illuminate\Routing\Pipeline->Illuminate\Routing\{closure}(Object(Illuminate\Http\Request))
#37 /home/bombayport/public_html/bombayport.xyz/frontend/vendor/laravel/framework/src/Illuminate/Pipeline/Pipeline.php(148): Illuminate\Routing\Middleware\SubstituteBindings->handle(Object(Illuminate\Http\Request), Object(Closure))
#38 /home/bombayport/public_html/bombayport.xyz/frontend/vendor/laravel/framework/src/Illuminate/Routing/Pipeline.php(53): Illuminate\Pipeline\Pipeline->Illuminate\Pipeline\{closure}(Object(Illuminate\Http\Request))
#39 /home/bombayport/public_html/bombayport.xyz/frontend/vendor/laravel/framework/src/Illuminate/Foundation/Http/Middleware/VerifyCsrfToken.php(65): Illuminate\Routing\Pipeline->Illuminate\Routing\{closure}(Object(Illuminate\Http\Request))
#40 /home/bombayport/public_html/bombayport.xyz/frontend/vendor/laravel/framework/src/Illuminate/Pipeline/Pipeline.php(148): Illuminate\Foundation\Http\Middleware\VerifyCsrfToken->handle(Object(Illuminate\Http\Request), Object(Closure))
#41 /home/bombayport/public_html/bombayport.xyz/frontend/vendor/laravel/framework/src/Illuminate/Routing/Pipeline.php(53): Illuminate\Pipeline\Pipeline->Illuminate\Pipeline\{closure}(Object(Illuminate\Http\Request))
#42 /home/bombayport/public_html/bombayport.xyz/frontend/vendor/laravel/framework/src/Illuminate/View/Middleware/ShareErrorsFromSession.php(49): Illuminate\Routing\Pipeline->Illuminate\Routing\{closure}(Object(Illuminate\Http\Request))
#43 /home/bombayport/public_html/bombayport.xyz/frontend/vendor/laravel/framework/src/Illuminate/Pipeline/Pipeline.php(148): Illuminate\View\Middleware\ShareErrorsFromSession->handle(Object(Illuminate\Http\Request), Object(Closure))
#44 /home/bombayport/public_html/bombayport.xyz/frontend/vendor/laravel/framework/src/Illuminate/Routing/Pipeline.php(53): Illuminate\Pipeline\Pipeline->Illuminate\Pipeline\{closure}(Object(Illuminate\Http\Request))
#45 /home/bombayport/public_html/bombayport.xyz/frontend/vendor/laravel/framework/src/Illuminate/Session/Middleware/StartSession.php(64): Illuminate\Routing\Pipeline->Illuminate\Routing\{closure}(Object(Illuminate\Http\Request))
#46 /home/bombayport/public_html/bombayport.xyz/frontend/vendor/laravel/framework/src/Illuminate/Pipeline/Pipeline.php(148): Illuminate\Session\Middleware\StartSession->handle(Object(Illuminate\Http\Request), Object(Closure))
#47 /home/bombayport/public_html/bombayport.xyz/frontend/vendor/laravel/framework/src/Illuminate/Routing/Pipeline.php(53): Illuminate\Pipeline\Pipeline->Illuminate\Pipeline\{closure}(Object(Illuminate\Http\Request))
#48 /home/bombayport/public_html/bombayport.xyz/frontend/vendor/laravel/framework/src/Illuminate/Cookie/Middleware/AddQueuedCookiesToResponse.php(37): Illuminate\Routing\Pipeline->Illuminate\Routing\{closure}(Object(Illuminate\Http\Request))
#49 /home/bombayport/public_html/bombayport.xyz/frontend/vendor/laravel/framework/src/Illuminate/Pipeline/Pipeline.php(148): Illuminate\Cookie\Middleware\AddQueuedCookiesToResponse->handle(Object(Illuminate\Http\Request), Object(Closure))
#50 /home/bombayport/public_html/bombayport.xyz/frontend/vendor/laravel/framework/src/Illuminate/Routing/Pipeline.php(53): Illuminate\Pipeline\Pipeline->Illuminate\Pipeline\{closure}(Object(Illuminate\Http\Request))
#51 /home/bombayport/public_html/bombayport.xyz/frontend/vendor/laravel/framework/src/Illuminate/Cookie/Middleware/EncryptCookies.php(59): Illuminate\Routing\Pipeline->Illuminate\Routing\{closure}(Object(Illuminate\Http\Request))
#52 /home/bombayport/public_html/bombayport.xyz/frontend/vendor/laravel/framework/src/Illuminate/Pipeline/Pipeline.php(148): Illuminate\Cookie\Middleware\EncryptCookies->handle(Object(Illuminate\Http\Request), Object(Closure))
#53 /home/bombayport/public_html/bombayport.xyz/frontend/vendor/laravel/framework/src/Illuminate/Routing/Pipeline.php(53): Illuminate\Pipeline\Pipeline->Illuminate\Pipeline\{closure}(Object(Illuminate\Http\Request))
#54 /home/bombayport/public_html/bombayport.xyz/frontend/vendor/laravel/framework/src/Illuminate/Pipeline/Pipeline.php(102): Illuminate\Routing\Pipeline->Illuminate\Routing\{closure}(Object(Illuminate\Http\Request))
#55 /home/bombayport/public_html/bombayport.xyz/frontend/vendor/laravel/framework/src/Illuminate/Routing/Router.php(574): Illuminate\Pipeline\Pipeline->then(Object(Closure))
#56 /home/bombayport/public_html/bombayport.xyz/frontend/vendor/laravel/framework/src/Illuminate/Routing/Router.php(533): Illuminate\Routing\Router->runRouteWithinStack(Object(Illuminate\Routing\Route), Object(Illuminate\Http\Request))
#57 /home/bombayport/public_html/bombayport.xyz/frontend/vendor/laravel/framework/src/Illuminate/Routing/Router.php(511): Illuminate\Routing\Router->dispatchToRoute(Object(Illuminate\Http\Request))
#58 /home/bombayport/public_html/bombayport.xyz/frontend/vendor/laravel/framework/src/Illuminate/Foundation/Http/Kernel.php(176): Illuminate\Routing\Router->dispatch(Object(Illuminate\Http\Request))
#59 /home/bombayport/public_html/bombayport.xyz/frontend/vendor/laravel/framework/src/Illuminate/Routing/Pipeline.php(30): Illuminate\Foundation\Http\Kernel->Illuminate\Foundation\Http\{closure}(Object(Illuminate\Http\Request))
#60 /home/bombayport/public_html/bombayport.xyz/frontend/vendor/laravel/framework/src/Illuminate/Foundation/Http/Middleware/TransformsRequest.php(30): Illuminate\Routing\Pipeline->Illuminate\Routing\{closure}(Object(Illuminate\Http\Request))
#61 /home/bombayport/public_html/bombayport.xyz/frontend/vendor/laravel/framework/src/Illuminate/Pipeline/Pipeline.php(148): Illuminate\Foundation\Http\Middleware\TransformsRequest->handle(Object(Illuminate\Http\Request), Object(Closure))
#62 /home/bombayport/public_html/bombayport.xyz/frontend/vendor/laravel/framework/src/Illuminate/Routing/Pipeline.php(53): Illuminate\Pipeline\Pipeline->Illuminate\Pipeline\{closure}(Object(Illuminate\Http\Request))
#63 /home/bombayport/public_html/bombayport.xyz/frontend/vendor/laravel/framework/src/Illuminate/Foundation/Http/Middleware/TransformsRequest.php(30): Illuminate\Routing\Pipeline->Illuminate\Routing\{closure}(Object(Illuminate\Http\Request))
#64 /home/bombayport/public_html/bombayport.xyz/frontend/vendor/laravel/framework/src/Illuminate/Pipeline/Pipeline.php(148): Illuminate\Foundation\Http\Middleware\TransformsRequest->handle(Object(Illuminate\Http\Request), Object(Closure))
#65 /home/bombayport/public_html/bombayport.xyz/frontend/vendor/laravel/framework/src/Illuminate/Routing/Pipeline.php(53): Illuminate\Pipeline\Pipeline->Illuminate\Pipeline\{closure}(Object(Illuminate\Http\Request))
#66 /home/bombayport/public_html/bombayport.xyz/frontend/vendor/laravel/framework/src/Illuminate/Foundation/Http/Middleware/ValidatePostSize.php(27): Illuminate\Routing\Pipeline->Illuminate\Routing\{closure}(Object(Illuminate\Http\Request))
#67 /home/bombayport/public_html/bombayport.xyz/frontend/vendor/laravel/framework/src/Illuminate/Pipeline/Pipeline.php(148): Illuminate\Foundation\Http\Middleware\ValidatePostSize->handle(Object(Illuminate\Http\Request), Object(Closure))
#68 /home/bombayport/public_html/bombayport.xyz/frontend/vendor/laravel/framework/src/Illuminate/Routing/Pipeline.php(53): Illuminate\Pipeline\Pipeline->Illuminate\Pipeline\{closure}(Object(Illuminate\Http\Request))
#69 /home/bombayport/public_html/bombayport.xyz/frontend/vendor/laravel/framework/src/Illuminate/Foundation/Http/Middleware/CheckForMaintenanceMode.php(46): Illuminate\Routing\Pipeline->Illuminate\Routing\{closure}(Object(Illuminate\Http\Request))
#70 /home/bombayport/public_html/bombayport.xyz/frontend/vendor/laravel/framework/src/Illuminate/Pipeline/Pipeline.php(148): Illuminate\Foundation\Http\Middleware\CheckForMaintenanceMode->handle(Object(Illuminate\Http\Request), Object(Closure))
#71 /home/bombayport/public_html/bombayport.xyz/frontend/vendor/laravel/framework/src/Illuminate/Routing/Pipeline.php(53): Illuminate\Pipeline\Pipeline->Illuminate\Pipeline\{closure}(Object(Illuminate\Http\Request))
#72 /home/bombayport/public_html/bombayport.xyz/frontend/vendor/laravel/framework/src/Illuminate/Pipeline/Pipeline.php(102): Illuminate\Routing\Pipeline->Illuminate\Routing\{closure}(Object(Illuminate\Http\Request))
#73 /home/bombayport/public_html/bombayport.xyz/frontend/vendor/laravel/framework/src/Illuminate/Foundation/Http/Kernel.php(151): Illuminate\Pipeline\Pipeline->then(Object(Closure))
#74 /home/bombayport/public_html/bombayport.xyz/frontend/vendor/laravel/framework/src/Illuminate/Foundation/Http/Kernel.php(116): Illuminate\Foundation\Http\Kernel->sendRequestThroughRouter(Object(Illuminate\Http\Request))
#75 /home/bombayport/public_html/bombayport.xyz/frontend/public/index.php(54): Illuminate\Foundation\Http\Kernel->handle(Object(Illuminate\Http\Request))
#76 {main}  
[2019-02-04 11:37:21] Devlopment.ERROR: exception 'Symfony\Component\Debug\Exception\FatalErrorException' with message 'Cannot use object of type Illuminate\Http\JsonResponse as array' in /home/bombayport/public_html/bombayport.xyz/frontend/app/Http/Controllers/Web/OrdersController.php:510
Stack trace:
#0 {main}  
[2019-02-04 11:40:12] Devlopment.ERROR: exception 'GuzzleHttp\Exception\ClientException' with message 'Client error: `POST https://api.mailgun.net/v3/sandbox250f22d01de04b1394732ff1e33a2ec8.mailgun.org/messages.mime` resulted in a `401 UNAUTHORIZED` response:
Forbidden
' in /home/bombayport/public_html/bombayport.xyz/frontend/vendor/guzzlehttp/guzzle/src/Exception/RequestException.php:113
Stack trace:
#0 /home/bombayport/public_html/bombayport.xyz/frontend/vendor/guzzlehttp/guzzle/src/Middleware.php(66): GuzzleHttp\Exception\RequestException::create(Object(GuzzleHttp\Psr7\Request), Object(GuzzleHttp\Psr7\Response))
#1 /home/bombayport/public_html/bombayport.xyz/frontend/vendor/guzzlehttp/promises/src/Promise.php(203): GuzzleHttp\Middleware::GuzzleHttp\{closure}(Object(GuzzleHttp\Psr7\Response))
#2 /home/bombayport/public_html/bombayport.xyz/frontend/vendor/guzzlehttp/promises/src/Promise.php(156): GuzzleHttp\Promise\Promise::callHandler(1, Object(GuzzleHttp\Psr7\Response), Array)
#3 /home/bombayport/public_html/bombayport.xyz/frontend/vendor/guzzlehttp/promises/src/TaskQueue.php(47): GuzzleHttp\Promise\Promise::GuzzleHttp\Promise\{closure}()
#4 /home/bombayport/public_html/bombayport.xyz/frontend/vendor/guzzlehttp/promises/src/Promise.php(246): GuzzleHttp\Promise\TaskQueue->run(true)
#5 /home/bombayport/public_html/bombayport.xyz/frontend/vendor/guzzlehttp/promises/src/Promise.php(223): GuzzleHttp\Promise\Promise->invokeWaitFn()
#6 /home/bombayport/public_html/bombayport.xyz/frontend/vendor/guzzlehttp/promises/src/Promise.php(267): GuzzleHttp\Promise\Promise->waitIfPending()
#7 /home/bombayport/public_html/bombayport.xyz/frontend/vendor/guzzlehttp/promises/src/Promise.php(225): GuzzleHttp\Promise\Promise->invokeWaitList()
#8 /home/bombayport/public_html/bombayport.xyz/frontend/vendor/guzzlehttp/promises/src/Promise.php(62): GuzzleHttp\Promise\Promise->waitIfPending()
#9 /home/bombayport/public_html/bombayport.xyz/frontend/vendor/guzzlehttp/guzzle/src/Client.php(131): GuzzleHttp\Promise\Promise->wait()
#10 /home/bombayport/public_html/bombayport.xyz/frontend/vendor/guzzlehttp/guzzle/src/Client.php(89): GuzzleHttp\Client->request('post', 'https://api.mai...', Array)
#11 /home/bombayport/public_html/bombayport.xyz/frontend/vendor/laravel/framework/src/Illuminate/Mail/Transport/MailgunTransport.php(64): GuzzleHttp\Client->__call('post', Array)
#12 /home/bombayport/public_html/bombayport.xyz/frontend/vendor/laravel/framework/src/Illuminate/Mail/Transport/MailgunTransport.php(64): GuzzleHttp\Client->post('https://api.mai...', Array)
#13 /home/bombayport/public_html/bombayport.xyz/frontend/vendor/swiftmailer/swiftmailer/lib/classes/Swift/Mailer.php(85): Illuminate\Mail\Transport\MailgunTransport->send(Object(Swift_Message), Array)
#14 /home/bombayport/public_html/bombayport.xyz/frontend/vendor/laravel/framework/src/Illuminate/Mail/Mailer.php(443): Swift_Mailer->send(Object(Swift_Message), Array)
#15 /home/bombayport/public_html/bombayport.xyz/frontend/vendor/laravel/framework/src/Illuminate/Mail/Mailer.php(217): Illuminate\Mail\Mailer->sendSwiftMessage(Object(Swift_Message))
#16 /home/bombayport/public_html/bombayport.xyz/frontend/vendor/laravel/framework/src/Illuminate/Support/Facades/Facade.php(221): Illuminate\Mail\Mailer->send('/mail/orderEmai...', Array, Object(Closure))
#17 /home/bombayport/public_html/bombayport.xyz/frontend/app/Listeners/SendProductOrderMailFired.php(118): Illuminate\Support\Facades\Facade::__callStatic('send', Array)
#18 /home/bombayport/public_html/bombayport.xyz/frontend/app/Listeners/SendProductOrderMailFired.php(118): Illuminate\Support\Facades\Mail::send('/mail/orderEmai...', Array, Object(Closure))
#19 [internal function]: App\Listeners\SendProductOrderMailFired->handle(Object(App\Events\SendProductOrderMail))
#20 /home/bombayport/public_html/bombayport.xyz/frontend/vendor/laravel/framework/src/Illuminate/Events/Dispatcher.php(368): call_user_func_array(Array, Array)
#21 /home/bombayport/public_html/bombayport.xyz/frontend/vendor/laravel/framework/src/Illuminate/Events/Dispatcher.php(199): Illuminate\Events\Dispatcher->Illuminate\Events\{closure}('App\\Events\\Send...', Array)
#22 /home/bombayport/public_html/bombayport.xyz/frontend/vendor/laravel/framework/src/Illuminate/Events/Dispatcher.php(172): Illuminate\Events\Dispatcher->dispatch(Object(App\Events\SendProductOrderMail), Array, false)
#23 /home/bombayport/public_html/bombayport.xyz/frontend/vendor/laravel/framework/src/Illuminate/Support/Facades/Facade.php(221): Illuminate\Events\Dispatcher->fire(Object(App\Events\SendProductOrderMail))
#24 /home/bombayport/public_html/bombayport.xyz/frontend/app/Http/Controllers/Web/OrdersController.php(687): Illuminate\Support\Facades\Facade::__callStatic('fire', Array)
#25 /home/bombayport/public_html/bombayport.xyz/frontend/app/Http/Controllers/Web/OrdersController.php(687): Illuminate\Support\Facades\Event::fire(Object(App\Events\SendProductOrderMail))
#26 [internal function]: App\Http\Controllers\Web\OrdersController->place_order(Object(Illuminate\Http\Request))
#27 /home/bombayport/public_html/bombayport.xyz/frontend/vendor/laravel/framework/src/Illuminate/Routing/Controller.php(55): call_user_func_array(Array, Array)
#28 /home/bombayport/public_html/bombayport.xyz/frontend/vendor/laravel/framework/src/Illuminate/Routing/ControllerDispatcher.php(44): Illuminate\Routing\Controller->callAction('place_order', Array)
#29 /home/bombayport/public_html/bombayport.xyz/frontend/vendor/laravel/framework/src/Illuminate/Routing/Route.php(204): Illuminate\Routing\ControllerDispatcher->dispatch(Object(Illuminate\Routing\Route), Object(App\Http\Controllers\Web\OrdersController), 'place_order')
#30 /home/bombayport/public_html/bombayport.xyz/frontend/vendor/laravel/framework/src/Illuminate/Routing/Route.php(160): Illuminate\Routing\Route->runController()
#31 /home/bombayport/public_html/bombayport.xyz/frontend/vendor/laravel/framework/src/Illuminate/Routing/Router.php(572): Illuminate\Routing\Route->run()
#32 /home/bombayport/public_html/bombayport.xyz/frontend/vendor/laravel/framework/src/Illuminate/Routing/Pipeline.php(30): Illuminate\Routing\Router->Illuminate\Routing\{closure}(Object(Illuminate\Http\Request))
#33 /home/bombayport/public_html/bombayport.xyz/frontend/app/Http/Middleware/RedirectIfNotCustomer.php(20): Illuminate\Routing\Pipeline->Illuminate\Routing\{closure}(Object(Illuminate\Http\Request))
#34 /home/bombayport/public_html/bombayport.xyz/frontend/vendor/laravel/framework/src/Illuminate/Pipeline/Pipeline.php(148): App\Http\Middleware\RedirectIfNotCustomer->handle(Object(Illuminate\Http\Request), Object(Closure))
#35 /home/bombayport/public_html/bombayport.xyz/frontend/vendor/laravel/framework/src/Illuminate/Routing/Pipeline.php(53): Illuminate\Pipeline\Pipeline->Illuminate\Pipeline\{closure}(Object(Illuminate\Http\Request))
#36 /home/bombayport/public_html/bombayport.xyz/frontend/vendor/laravel/framework/src/Illuminate/Routing/Middleware/SubstituteBindings.php(41): Illuminate\Routing\Pipeline->Illuminate\Routing\{closure}(Object(Illuminate\Http\Request))
#37 /home/bombayport/public_html/bombayport.xyz/frontend/vendor/laravel/framework/src/Illuminate/Pipeline/Pipeline.php(148): Illuminate\Routing\Middleware\SubstituteBindings->handle(Object(Illuminate\Http\Request), Object(Closure))
#38 /home/bombayport/public_html/bombayport.xyz/frontend/vendor/laravel/framework/src/Illuminate/Routing/Pipeline.php(53): Illuminate\Pipeline\Pipeline->Illuminate\Pipeline\{closure}(Object(Illuminate\Http\Request))
#39 /home/bombayport/public_html/bombayport.xyz/frontend/vendor/laravel/framework/src/Illuminate/Foundation/Http/Middleware/VerifyCsrfToken.php(65): Illuminate\Routing\Pipeline->Illuminate\Routing\{closure}(Object(Illuminate\Http\Request))
#40 /home/bombayport/public_html/bombayport.xyz/frontend/vendor/laravel/framework/src/Illuminate/Pipeline/Pipeline.php(148): Illuminate\Foundation\Http\Middleware\VerifyCsrfToken->handle(Object(Illuminate\Http\Request), Object(Closure))
#41 /home/bombayport/public_html/bombayport.xyz/frontend/vendor/laravel/framework/src/Illuminate/Routing/Pipeline.php(53): Illuminate\Pipeline\Pipeline->Illuminate\Pipeline\{closure}(Object(Illuminate\Http\Request))
#42 /home/bombayport/public_html/bombayport.xyz/frontend/vendor/laravel/framework/src/Illuminate/View/Middleware/ShareErrorsFromSession.php(49): Illuminate\Routing\Pipeline->Illuminate\Routing\{closure}(Object(Illuminate\Http\Request))
#43 /home/bombayport/public_html/bombayport.xyz/frontend/vendor/laravel/framework/src/Illuminate/Pipeline/Pipeline.php(148): Illuminate\View\Middleware\ShareErrorsFromSession->handle(Object(Illuminate\Http\Request), Object(Closure))
#44 /home/bombayport/public_html/bombayport.xyz/frontend/vendor/laravel/framework/src/Illuminate/Routing/Pipeline.php(53): Illuminate\Pipeline\Pipeline->Illuminate\Pipeline\{closure}(Object(Illuminate\Http\Request))
#45 /home/bombayport/public_html/bombayport.xyz/frontend/vendor/laravel/framework/src/Illuminate/Session/Middleware/StartSession.php(64): Illuminate\Routing\Pipeline->Illuminate\Routing\{closure}(Object(Illuminate\Http\Request))
#46 /home/bombayport/public_html/bombayport.xyz/frontend/vendor/laravel/framework/src/Illuminate/Pipeline/Pipeline.php(148): Illuminate\Session\Middleware\StartSession->handle(Object(Illuminate\Http\Request), Object(Closure))
#47 /home/bombayport/public_html/bombayport.xyz/frontend/vendor/laravel/framework/src/Illuminate/Routing/Pipeline.php(53): Illuminate\Pipeline\Pipeline->Illuminate\Pipeline\{closure}(Object(Illuminate\Http\Request))
#48 /home/bombayport/public_html/bombayport.xyz/frontend/vendor/laravel/framework/src/Illuminate/Cookie/Middleware/AddQueuedCookiesToResponse.php(37): Illuminate\Routing\Pipeline->Illuminate\Routing\{closure}(Object(Illuminate\Http\Request))
#49 /home/bombayport/public_html/bombayport.xyz/frontend/vendor/laravel/framework/src/Illuminate/Pipeline/Pipeline.php(148): Illuminate\Cookie\Middleware\AddQueuedCookiesToResponse->handle(Object(Illuminate\Http\Request), Object(Closure))
#50 /home/bombayport/public_html/bombayport.xyz/frontend/vendor/laravel/framework/src/Illuminate/Routing/Pipeline.php(53): Illuminate\Pipeline\Pipeline->Illuminate\Pipeline\{closure}(Object(Illuminate\Http\Request))
#51 /home/bombayport/public_html/bombayport.xyz/frontend/vendor/laravel/framework/src/Illuminate/Cookie/Middleware/EncryptCookies.php(59): Illuminate\Routing\Pipeline->Illuminate\Routing\{closure}(Object(Illuminate\Http\Request))
#52 /home/bombayport/public_html/bombayport.xyz/frontend/vendor/laravel/framework/src/Illuminate/Pipeline/Pipeline.php(148): Illuminate\Cookie\Middleware\EncryptCookies->handle(Object(Illuminate\Http\Request), Object(Closure))
#53 /home/bombayport/public_html/bombayport.xyz/frontend/vendor/laravel/framework/src/Illuminate/Routing/Pipeline.php(53): Illuminate\Pipeline\Pipeline->Illuminate\Pipeline\{closure}(Object(Illuminate\Http\Request))
#54 /home/bombayport/public_html/bombayport.xyz/frontend/vendor/laravel/framework/src/Illuminate/Pipeline/Pipeline.php(102): Illuminate\Routing\Pipeline->Illuminate\Routing\{closure}(Object(Illuminate\Http\Request))
#55 /home/bombayport/public_html/bombayport.xyz/frontend/vendor/laravel/framework/src/Illuminate/Routing/Router.php(574): Illuminate\Pipeline\Pipeline->then(Object(Closure))
#56 /home/bombayport/public_html/bombayport.xyz/frontend/vendor/laravel/framework/src/Illuminate/Routing/Router.php(533): Illuminate\Routing\Router->runRouteWithinStack(Object(Illuminate\Routing\Route), Object(Illuminate\Http\Request))
#57 /home/bombayport/public_html/bombayport.xyz/frontend/vendor/laravel/framework/src/Illuminate/Routing/Router.php(511): Illuminate\Routing\Router->dispatchToRoute(Object(Illuminate\Http\Request))
#58 /home/bombayport/public_html/bombayport.xyz/frontend/vendor/laravel/framework/src/Illuminate/Foundation/Http/Kernel.php(176): Illuminate\Routing\Router->dispatch(Object(Illuminate\Http\Request))
#59 /home/bombayport/public_html/bombayport.xyz/frontend/vendor/laravel/framework/src/Illuminate/Routing/Pipeline.php(30): Illuminate\Foundation\Http\Kernel->Illuminate\Foundation\Http\{closure}(Object(Illuminate\Http\Request))
#60 /home/bombayport/public_html/bombayport.xyz/frontend/vendor/laravel/framework/src/Illuminate/Foundation/Http/Middleware/TransformsRequest.php(30): Illuminate\Routing\Pipeline->Illuminate\Routing\{closure}(Object(Illuminate\Http\Request))
#61 /home/bombayport/public_html/bombayport.xyz/frontend/vendor/laravel/framework/src/Illuminate/Pipeline/Pipeline.php(148): Illuminate\Foundation\Http\Middleware\TransformsRequest->handle(Object(Illuminate\Http\Request), Object(Closure))
#62 /home/bombayport/public_html/bombayport.xyz/frontend/vendor/laravel/framework/src/Illuminate/Routing/Pipeline.php(53): Illuminate\Pipeline\Pipeline->Illuminate\Pipeline\{closure}(Object(Illuminate\Http\Request))
#63 /home/bombayport/public_html/bombayport.xyz/frontend/vendor/laravel/framework/src/Illuminate/Foundation/Http/Middleware/TransformsRequest.php(30): Illuminate\Routing\Pipeline->Illuminate\Routing\{closure}(Object(Illuminate\Http\Request))
#64 /home/bombayport/public_html/bombayport.xyz/frontend/vendor/laravel/framework/src/Illuminate/Pipeline/Pipeline.php(148): Illuminate\Foundation\Http\Middleware\TransformsRequest->handle(Object(Illuminate\Http\Request), Object(Closure))
#65 /home/bombayport/public_html/bombayport.xyz/frontend/vendor/laravel/framework/src/Illuminate/Routing/Pipeline.php(53): Illuminate\Pipeline\Pipeline->Illuminate\Pipeline\{closure}(Object(Illuminate\Http\Request))
#66 /home/bombayport/public_html/bombayport.xyz/frontend/vendor/laravel/framework/src/Illuminate/Foundation/Http/Middleware/ValidatePostSize.php(27): Illuminate\Routing\Pipeline->Illuminate\Routing\{closure}(Object(Illuminate\Http\Request))
#67 /home/bombayport/public_html/bombayport.xyz/frontend/vendor/laravel/framework/src/Illuminate/Pipeline/Pipeline.php(148): Illuminate\Foundation\Http\Middleware\ValidatePostSize->handle(Object(Illuminate\Http\Request), Object(Closure))
#68 /home/bombayport/public_html/bombayport.xyz/frontend/vendor/laravel/framework/src/Illuminate/Routing/Pipeline.php(53): Illuminate\Pipeline\Pipeline->Illuminate\Pipeline\{closure}(Object(Illuminate\Http\Request))
#69 /home/bombayport/public_html/bombayport.xyz/frontend/vendor/laravel/framework/src/Illuminate/Foundation/Http/Middleware/CheckForMaintenanceMode.php(46): Illuminate\Routing\Pipeline->Illuminate\Routing\{closure}(Object(Illuminate\Http\Request))
#70 /home/bombayport/public_html/bombayport.xyz/frontend/vendor/laravel/framework/src/Illuminate/Pipeline/Pipeline.php(148): Illuminate\Foundation\Http\Middleware\CheckForMaintenanceMode->handle(Object(Illuminate\Http\Request), Object(Closure))
#71 /home/bombayport/public_html/bombayport.xyz/frontend/vendor/laravel/framework/src/Illuminate/Routing/Pipeline.php(53): Illuminate\Pipeline\Pipeline->Illuminate\Pipeline\{closure}(Object(Illuminate\Http\Request))
#72 /home/bombayport/public_html/bombayport.xyz/frontend/vendor/laravel/framework/src/Illuminate/Pipeline/Pipeline.php(102): Illuminate\Routing\Pipeline->Illuminate\Routing\{closure}(Object(Illuminate\Http\Request))
#73 /home/bombayport/public_html/bombayport.xyz/frontend/vendor/laravel/framework/src/Illuminate/Foundation/Http/Kernel.php(151): Illuminate\Pipeline\Pipeline->then(Object(Closure))
#74 /home/bombayport/public_html/bombayport.xyz/frontend/vendor/laravel/framework/src/Illuminate/Foundation/Http/Kernel.php(116): Illuminate\Foundation\Http\Kernel->sendRequestThroughRouter(Object(Illuminate\Http\Request))
#75 /home/bombayport/public_html/bombayport.xyz/frontend/public/index.php(54): Illuminate\Foundation\Http\Kernel->handle(Object(Illuminate\Http\Request))
#76 {main}  
